<?xml version="1.0" encoding="UTF-8"?>
<testsuite xmlns:xsi="http://www.w3.org/2001/XMLSchema-instance" xsi:noNamespaceSchemaLocation="https://maven.apache.org/surefire/maven-surefire-plugin/xsd/surefire-test-report.xsd" name="com.auto.complete.typeahead.TypeaheadIntegrationTest" time="13.435" tests="9" errors="0" skipped="0" failures="2">
  <properties>
    <property name="gopherProxySet" value="false"/>
    <property name="awt.toolkit" value="sun.lwawt.macosx.LWCToolkit"/>
    <property name="file.encoding.pkg" value="sun.io"/>
    <property name="java.specification.version" value="1.8"/>
    <property name="sun.cpu.isalist" value=""/>
    <property name="sun.jnu.encoding" value="UTF-8"/>
    <property name="java.class.path" value="/Users/crao/Documents/Work/Codebase/osr/typeahead-react-spring-boot/typeahead-rest-api/target/test-classes:/Users/crao/Documents/Work/Codebase/osr/typeahead-react-spring-boot/typeahead-rest-api/target/classes:/Users/crao/.m2/repository/org/elasticsearch/client/elasticsearch-rest-high-level-client/7.9.2/elasticsearch-rest-high-level-client-7.9.2.jar:/Users/crao/.m2/repository/org/elasticsearch/client/elasticsearch-rest-client/7.9.2/elasticsearch-rest-client-7.9.2.jar:/Users/crao/.m2/repository/org/apache/httpcomponents/httpclient/4.5.12/httpclient-4.5.12.jar:/Users/crao/.m2/repository/org/apache/httpcomponents/httpcore/4.4.13/httpcore-4.4.13.jar:/Users/crao/.m2/repository/org/apache/httpcomponents/httpasyncclient/4.1.4/httpasyncclient-4.1.4.jar:/Users/crao/.m2/repository/org/apache/httpcomponents/httpcore-nio/4.4.13/httpcore-nio-4.4.13.jar:/Users/crao/.m2/repository/commons-codec/commons-codec/1.14/commons-codec-1.14.jar:/Users/crao/.m2/repository/org/elasticsearch/plugin/mapper-extras-client/7.9.2/mapper-extras-client-7.9.2.jar:/Users/crao/.m2/repository/org/elasticsearch/plugin/parent-join-client/7.9.2/parent-join-client-7.9.2.jar:/Users/crao/.m2/repository/org/elasticsearch/plugin/aggs-matrix-stats-client/7.9.2/aggs-matrix-stats-client-7.9.2.jar:/Users/crao/.m2/repository/org/elasticsearch/plugin/rank-eval-client/7.9.2/rank-eval-client-7.9.2.jar:/Users/crao/.m2/repository/org/elasticsearch/plugin/lang-mustache-client/7.9.2/lang-mustache-client-7.9.2.jar:/Users/crao/.m2/repository/com/github/spullara/mustache/java/compiler/0.9.6/compiler-0.9.6.jar:/Users/crao/.m2/repository/org/elasticsearch/elasticsearch/7.9.2/elasticsearch-7.9.2.jar:/Users/crao/.m2/repository/org/elasticsearch/elasticsearch-core/7.9.2/elasticsearch-core-7.9.2.jar:/Users/crao/.m2/repository/org/elasticsearch/elasticsearch-secure-sm/7.9.2/elasticsearch-secure-sm-7.9.2.jar:/Users/crao/.m2/repository/org/elasticsearch/elasticsearch-x-content/7.9.2/elasticsearch-x-content-7.9.2.jar:/Users/crao/.m2/repository/org/yaml/snakeyaml/1.26/snakeyaml-1.26.jar:/Users/crao/.m2/repository/com/fasterxml/jackson/core/jackson-core/2.11.2/jackson-core-2.11.2.jar:/Users/crao/.m2/repository/com/fasterxml/jackson/dataformat/jackson-dataformat-smile/2.11.2/jackson-dataformat-smile-2.11.2.jar:/Users/crao/.m2/repository/com/fasterxml/jackson/dataformat/jackson-dataformat-yaml/2.11.2/jackson-dataformat-yaml-2.11.2.jar:/Users/crao/.m2/repository/com/fasterxml/jackson/dataformat/jackson-dataformat-cbor/2.11.2/jackson-dataformat-cbor-2.11.2.jar:/Users/crao/.m2/repository/org/elasticsearch/elasticsearch-geo/7.9.2/elasticsearch-geo-7.9.2.jar:/Users/crao/.m2/repository/org/apache/lucene/lucene-core/8.6.2/lucene-core-8.6.2.jar:/Users/crao/.m2/repository/org/apache/lucene/lucene-analyzers-common/8.6.2/lucene-analyzers-common-8.6.2.jar:/Users/crao/.m2/repository/org/apache/lucene/lucene-backward-codecs/8.6.2/lucene-backward-codecs-8.6.2.jar:/Users/crao/.m2/repository/org/apache/lucene/lucene-grouping/8.6.2/lucene-grouping-8.6.2.jar:/Users/crao/.m2/repository/org/apache/lucene/lucene-highlighter/8.6.2/lucene-highlighter-8.6.2.jar:/Users/crao/.m2/repository/org/apache/lucene/lucene-join/8.6.2/lucene-join-8.6.2.jar:/Users/crao/.m2/repository/org/apache/lucene/lucene-memory/8.6.2/lucene-memory-8.6.2.jar:/Users/crao/.m2/repository/org/apache/lucene/lucene-misc/8.6.2/lucene-misc-8.6.2.jar:/Users/crao/.m2/repository/org/apache/lucene/lucene-queries/8.6.2/lucene-queries-8.6.2.jar:/Users/crao/.m2/repository/org/apache/lucene/lucene-queryparser/8.6.2/lucene-queryparser-8.6.2.jar:/Users/crao/.m2/repository/org/apache/lucene/lucene-sandbox/8.6.2/lucene-sandbox-8.6.2.jar:/Users/crao/.m2/repository/org/apache/lucene/lucene-spatial-extras/8.6.2/lucene-spatial-extras-8.6.2.jar:/Users/crao/.m2/repository/org/apache/lucene/lucene-spatial3d/8.6.2/lucene-spatial3d-8.6.2.jar:/Users/crao/.m2/repository/org/apache/lucene/lucene-suggest/8.6.2/lucene-suggest-8.6.2.jar:/Users/crao/.m2/repository/org/elasticsearch/elasticsearch-cli/7.9.2/elasticsearch-cli-7.9.2.jar:/Users/crao/.m2/repository/net/sf/jopt-simple/jopt-simple/5.0.2/jopt-simple-5.0.2.jar:/Users/crao/.m2/repository/com/carrotsearch/hppc/0.8.1/hppc-0.8.1.jar:/Users/crao/.m2/repository/joda-time/joda-time/2.10.4/joda-time-2.10.4.jar:/Users/crao/.m2/repository/com/tdunning/t-digest/3.2/t-digest-3.2.jar:/Users/crao/.m2/repository/org/hdrhistogram/HdrHistogram/2.1.9/HdrHistogram-2.1.9.jar:/Users/crao/.m2/repository/org/apache/logging/log4j/log4j-api/2.13.3/log4j-api-2.13.3.jar:/Users/crao/.m2/repository/org/elasticsearch/jna/5.5.0/jna-5.5.0.jar:/Users/crao/.m2/repository/org/elasticsearch/client/transport/7.9.2/transport-7.9.2.jar:/Users/crao/.m2/repository/org/elasticsearch/plugin/transport-netty4-client/7.9.2/transport-netty4-client-7.9.2.jar:/Users/crao/.m2/repository/io/netty/netty-buffer/4.1.52.Final/netty-buffer-4.1.52.Final.jar:/Users/crao/.m2/repository/io/netty/netty-codec/4.1.52.Final/netty-codec-4.1.52.Final.jar:/Users/crao/.m2/repository/io/netty/netty-codec-http/4.1.52.Final/netty-codec-http-4.1.52.Final.jar:/Users/crao/.m2/repository/io/netty/netty-common/4.1.52.Final/netty-common-4.1.52.Final.jar:/Users/crao/.m2/repository/io/netty/netty-handler/4.1.52.Final/netty-handler-4.1.52.Final.jar:/Users/crao/.m2/repository/io/netty/netty-resolver/4.1.52.Final/netty-resolver-4.1.52.Final.jar:/Users/crao/.m2/repository/io/netty/netty-transport/4.1.52.Final/netty-transport-4.1.52.Final.jar:/Users/crao/.m2/repository/org/elasticsearch/plugin/reindex-client/7.9.2/reindex-client-7.9.2.jar:/Users/crao/.m2/repository/org/elasticsearch/elasticsearch-ssl-config/7.9.2/elasticsearch-ssl-config-7.9.2.jar:/Users/crao/.m2/repository/org/elasticsearch/plugin/percolator-client/7.9.2/percolator-client-7.9.2.jar:/Users/crao/.m2/repository/org/elasticsearch/client/x-pack-transport/7.9.2/x-pack-transport-7.9.2.jar:/Users/crao/.m2/repository/org/elasticsearch/plugin/x-pack-core/7.9.2/x-pack-core-7.9.2.jar:/Users/crao/.m2/repository/commons-logging/commons-logging/1.1.3/commons-logging-1.1.3.jar:/Users/crao/.m2/repository/org/apache/logging/log4j/log4j-1.2-api/2.13.3/log4j-1.2-api-2.13.3.jar:/Users/crao/.m2/repository/com/unboundid/unboundid-ldapsdk/4.0.14/unboundid-ldapsdk-4.0.14.jar:/Users/crao/.m2/repository/org/elasticsearch/plugin/transport-nio-client/7.9.2/transport-nio-client-7.9.2.jar:/Users/crao/.m2/repository/org/elasticsearch/elasticsearch-nio/7.9.2/elasticsearch-nio-7.9.2.jar:/Users/crao/.m2/repository/org/hamcrest/hamcrest-core/2.2/hamcrest-core-2.2.jar:/Users/crao/.m2/repository/org/hamcrest/hamcrest/2.2/hamcrest-2.2.jar:/Users/crao/.m2/repository/org/hibernate/validator/hibernate-validator/6.0.10.Final/hibernate-validator-6.0.10.Final.jar:/Users/crao/.m2/repository/javax/validation/validation-api/2.0.1.Final/validation-api-2.0.1.Final.jar:/Users/crao/.m2/repository/org/jboss/logging/jboss-logging/3.4.1.Final/jboss-logging-3.4.1.Final.jar:/Users/crao/.m2/repository/com/fasterxml/classmate/1.5.1/classmate-1.5.1.jar:/Users/crao/.m2/repository/org/springframework/boot/spring-boot-starter-web/2.3.4.RELEASE/spring-boot-starter-web-2.3.4.RELEASE.jar:/Users/crao/.m2/repository/org/springframework/boot/spring-boot-starter/2.3.4.RELEASE/spring-boot-starter-2.3.4.RELEASE.jar:/Users/crao/.m2/repository/org/springframework/boot/spring-boot-starter-logging/2.3.4.RELEASE/spring-boot-starter-logging-2.3.4.RELEASE.jar:/Users/crao/.m2/repository/ch/qos/logback/logback-classic/1.2.3/logback-classic-1.2.3.jar:/Users/crao/.m2/repository/ch/qos/logback/logback-core/1.2.3/logback-core-1.2.3.jar:/Users/crao/.m2/repository/org/apache/logging/log4j/log4j-to-slf4j/2.13.3/log4j-to-slf4j-2.13.3.jar:/Users/crao/.m2/repository/org/slf4j/jul-to-slf4j/1.7.30/jul-to-slf4j-1.7.30.jar:/Users/crao/.m2/repository/jakarta/annotation/jakarta.annotation-api/1.3.5/jakarta.annotation-api-1.3.5.jar:/Users/crao/.m2/repository/org/springframework/boot/spring-boot-starter-json/2.3.4.RELEASE/spring-boot-starter-json-2.3.4.RELEASE.jar:/Users/crao/.m2/repository/com/fasterxml/jackson/core/jackson-databind/2.11.2/jackson-databind-2.11.2.jar:/Users/crao/.m2/repository/com/fasterxml/jackson/core/jackson-annotations/2.11.2/jackson-annotations-2.11.2.jar:/Users/crao/.m2/repository/com/fasterxml/jackson/datatype/jackson-datatype-jdk8/2.11.2/jackson-datatype-jdk8-2.11.2.jar:/Users/crao/.m2/repository/com/fasterxml/jackson/datatype/jackson-datatype-jsr310/2.11.2/jackson-datatype-jsr310-2.11.2.jar:/Users/crao/.m2/repository/com/fasterxml/jackson/module/jackson-module-parameter-names/2.11.2/jackson-module-parameter-names-2.11.2.jar:/Users/crao/.m2/repository/org/springframework/boot/spring-boot-starter-tomcat/2.3.4.RELEASE/spring-boot-starter-tomcat-2.3.4.RELEASE.jar:/Users/crao/.m2/repository/org/apache/tomcat/embed/tomcat-embed-core/9.0.38/tomcat-embed-core-9.0.38.jar:/Users/crao/.m2/repository/org/glassfish/jakarta.el/3.0.3/jakarta.el-3.0.3.jar:/Users/crao/.m2/repository/org/apache/tomcat/embed/tomcat-embed-websocket/9.0.38/tomcat-embed-websocket-9.0.38.jar:/Users/crao/.m2/repository/org/springframework/spring-web/5.2.9.RELEASE/spring-web-5.2.9.RELEASE.jar:/Users/crao/.m2/repository/org/springframework/spring-beans/5.2.9.RELEASE/spring-beans-5.2.9.RELEASE.jar:/Users/crao/.m2/repository/org/springframework/spring-webmvc/5.2.9.RELEASE/spring-webmvc-5.2.9.RELEASE.jar:/Users/crao/.m2/repository/org/springframework/spring-aop/5.2.9.RELEASE/spring-aop-5.2.9.RELEASE.jar:/Users/crao/.m2/repository/org/springframework/spring-context/5.2.9.RELEASE/spring-context-5.2.9.RELEASE.jar:/Users/crao/.m2/repository/org/springframework/spring-expression/5.2.9.RELEASE/spring-expression-5.2.9.RELEASE.jar:/Users/crao/.m2/repository/org/springframework/boot/spring-boot-starter-data-jpa/2.3.4.RELEASE/spring-boot-starter-data-jpa-2.3.4.RELEASE.jar:/Users/crao/.m2/repository/org/springframework/boot/spring-boot-starter-aop/2.3.4.RELEASE/spring-boot-starter-aop-2.3.4.RELEASE.jar:/Users/crao/.m2/repository/org/aspectj/aspectjweaver/1.9.6/aspectjweaver-1.9.6.jar:/Users/crao/.m2/repository/org/springframework/boot/spring-boot-starter-jdbc/2.3.4.RELEASE/spring-boot-starter-jdbc-2.3.4.RELEASE.jar:/Users/crao/.m2/repository/com/zaxxer/HikariCP/3.4.5/HikariCP-3.4.5.jar:/Users/crao/.m2/repository/org/springframework/spring-jdbc/5.2.9.RELEASE/spring-jdbc-5.2.9.RELEASE.jar:/Users/crao/.m2/repository/jakarta/transaction/jakarta.transaction-api/1.3.3/jakarta.transaction-api-1.3.3.jar:/Users/crao/.m2/repository/jakarta/persistence/jakarta.persistence-api/2.2.3/jakarta.persistence-api-2.2.3.jar:/Users/crao/.m2/repository/org/hibernate/hibernate-core/5.4.21.Final/hibernate-core-5.4.21.Final.jar:/Users/crao/.m2/repository/org/javassist/javassist/3.24.0-GA/javassist-3.24.0-GA.jar:/Users/crao/.m2/repository/antlr/antlr/2.7.7/antlr-2.7.7.jar:/Users/crao/.m2/repository/org/jboss/jandex/2.1.3.Final/jandex-2.1.3.Final.jar:/Users/crao/.m2/repository/org/dom4j/dom4j/2.1.3/dom4j-2.1.3.jar:/Users/crao/.m2/repository/org/hibernate/common/hibernate-commons-annotations/5.1.0.Final/hibernate-commons-annotations-5.1.0.Final.jar:/Users/crao/.m2/repository/org/glassfish/jaxb/jaxb-runtime/2.3.3/jaxb-runtime-2.3.3.jar:/Users/crao/.m2/repository/org/glassfish/jaxb/txw2/2.3.3/txw2-2.3.3.jar:/Users/crao/.m2/repository/com/sun/istack/istack-commons-runtime/3.0.11/istack-commons-runtime-3.0.11.jar:/Users/crao/.m2/repository/com/sun/activation/jakarta.activation/1.2.2/jakarta.activation-1.2.2.jar:/Users/crao/.m2/repository/org/springframework/data/spring-data-jpa/2.3.4.RELEASE/spring-data-jpa-2.3.4.RELEASE.jar:/Users/crao/.m2/repository/org/springframework/data/spring-data-commons/2.3.4.RELEASE/spring-data-commons-2.3.4.RELEASE.jar:/Users/crao/.m2/repository/org/springframework/spring-orm/5.2.9.RELEASE/spring-orm-5.2.9.RELEASE.jar:/Users/crao/.m2/repository/org/springframework/spring-tx/5.2.9.RELEASE/spring-tx-5.2.9.RELEASE.jar:/Users/crao/.m2/repository/org/slf4j/slf4j-api/1.7.30/slf4j-api-1.7.30.jar:/Users/crao/.m2/repository/org/springframework/spring-aspects/5.2.9.RELEASE/spring-aspects-5.2.9.RELEASE.jar:/Users/crao/.m2/repository/com/h2database/h2/1.4.200/h2-1.4.200.jar:/Users/crao/.m2/repository/org/springframework/boot/spring-boot-devtools/2.3.4.RELEASE/spring-boot-devtools-2.3.4.RELEASE.jar:/Users/crao/.m2/repository/org/springframework/boot/spring-boot/2.3.4.RELEASE/spring-boot-2.3.4.RELEASE.jar:/Users/crao/.m2/repository/org/springframework/boot/spring-boot-autoconfigure/2.3.4.RELEASE/spring-boot-autoconfigure-2.3.4.RELEASE.jar:/Users/crao/.m2/repository/org/projectlombok/lombok/1.18.12/lombok-1.18.12.jar:/Users/crao/.m2/repository/org/springframework/boot/spring-boot-starter-test/2.3.4.RELEASE/spring-boot-starter-test-2.3.4.RELEASE.jar:/Users/crao/.m2/repository/org/springframework/boot/spring-boot-test/2.3.4.RELEASE/spring-boot-test-2.3.4.RELEASE.jar:/Users/crao/.m2/repository/org/springframework/boot/spring-boot-test-autoconfigure/2.3.4.RELEASE/spring-boot-test-autoconfigure-2.3.4.RELEASE.jar:/Users/crao/.m2/repository/com/jayway/jsonpath/json-path/2.4.0/json-path-2.4.0.jar:/Users/crao/.m2/repository/net/minidev/json-smart/2.3/json-smart-2.3.jar:/Users/crao/.m2/repository/net/minidev/accessors-smart/1.2/accessors-smart-1.2.jar:/Users/crao/.m2/repository/org/ow2/asm/asm/5.0.4/asm-5.0.4.jar:/Users/crao/.m2/repository/jakarta/xml/bind/jakarta.xml.bind-api/2.3.3/jakarta.xml.bind-api-2.3.3.jar:/Users/crao/.m2/repository/jakarta/activation/jakarta.activation-api/1.2.2/jakarta.activation-api-1.2.2.jar:/Users/crao/.m2/repository/org/assertj/assertj-core/3.16.1/assertj-core-3.16.1.jar:/Users/crao/.m2/repository/org/junit/jupiter/junit-jupiter/5.6.2/junit-jupiter-5.6.2.jar:/Users/crao/.m2/repository/org/junit/jupiter/junit-jupiter-api/5.6.2/junit-jupiter-api-5.6.2.jar:/Users/crao/.m2/repository/org/apiguardian/apiguardian-api/1.1.0/apiguardian-api-1.1.0.jar:/Users/crao/.m2/repository/org/opentest4j/opentest4j/1.2.0/opentest4j-1.2.0.jar:/Users/crao/.m2/repository/org/junit/platform/junit-platform-commons/1.6.2/junit-platform-commons-1.6.2.jar:/Users/crao/.m2/repository/org/junit/jupiter/junit-jupiter-params/5.6.2/junit-jupiter-params-5.6.2.jar:/Users/crao/.m2/repository/org/junit/jupiter/junit-jupiter-engine/5.6.2/junit-jupiter-engine-5.6.2.jar:/Users/crao/.m2/repository/org/junit/platform/junit-platform-engine/1.6.2/junit-platform-engine-1.6.2.jar:/Users/crao/.m2/repository/org/mockito/mockito-junit-jupiter/3.3.3/mockito-junit-jupiter-3.3.3.jar:/Users/crao/.m2/repository/org/skyscreamer/jsonassert/1.5.0/jsonassert-1.5.0.jar:/Users/crao/.m2/repository/com/vaadin/external/google/android-json/0.0.20131108.vaadin1/android-json-0.0.20131108.vaadin1.jar:/Users/crao/.m2/repository/org/springframework/spring-core/5.2.9.RELEASE/spring-core-5.2.9.RELEASE.jar:/Users/crao/.m2/repository/org/springframework/spring-jcl/5.2.9.RELEASE/spring-jcl-5.2.9.RELEASE.jar:/Users/crao/.m2/repository/org/springframework/spring-test/5.2.9.RELEASE/spring-test-5.2.9.RELEASE.jar:/Users/crao/.m2/repository/org/xmlunit/xmlunit-core/2.7.0/xmlunit-core-2.7.0.jar:/Users/crao/.m2/repository/org/mockito/mockito-core/3.5.6/mockito-core-3.5.6.jar:/Users/crao/.m2/repository/net/bytebuddy/byte-buddy/1.10.14/byte-buddy-1.10.14.jar:/Users/crao/.m2/repository/net/bytebuddy/byte-buddy-agent/1.10.14/byte-buddy-agent-1.10.14.jar:/Users/crao/.m2/repository/org/objenesis/objenesis/3.1/objenesis-3.1.jar:/Users/crao/.m2/repository/org/mockito/mockito-inline/3.5.6/mockito-inline-3.5.6.jar:/Users/crao/.m2/repository/com/opencsv/opencsv/5.2/opencsv-5.2.jar:/Users/crao/.m2/repository/org/apache/commons/commons-lang3/3.10/commons-lang3-3.10.jar:/Users/crao/.m2/repository/org/apache/commons/commons-text/1.8/commons-text-1.8.jar:/Users/crao/.m2/repository/commons-beanutils/commons-beanutils/1.9.4/commons-beanutils-1.9.4.jar:/Users/crao/.m2/repository/commons-collections/commons-collections/3.2.2/commons-collections-3.2.2.jar:/Users/crao/.m2/repository/org/apache/commons/commons-collections4/4.4/commons-collections4-4.4.jar:"/>
    <property name="java.vm.vendor" value="Oracle Corporation"/>
    <property name="sun.arch.data.model" value="64"/>
    <property name="java.vendor.url" value="http://java.oracle.com/"/>
    <property name="user.timezone" value=""/>
    <property name="java.vm.specification.version" value="1.8"/>
    <property name="os.name" value="Mac OS X"/>
    <property name="user.country" value="IN"/>
    <property name="sun.java.launcher" value="SUN_STANDARD"/>
    <property name="sun.boot.library.path" value="/Library/Java/JavaVirtualMachines/jdk1.8.0_201.jdk/Contents/Home/jre/lib"/>
    <property name="sun.java.command" value="/Users/crao/Documents/Work/Codebase/osr/typeahead-react-spring-boot/typeahead-rest-api/target/surefire/surefirebooter532109668128659329.jar /Users/crao/Documents/Work/Codebase/osr/typeahead-react-spring-boot/typeahead-rest-api/target/surefire 2020-10-14T00-46-52_408-jvmRun1 surefire4076908832391389835tmp surefire_06965068552377799283tmp"/>
    <property name="surefire.test.class.path" value="/Users/crao/Documents/Work/Codebase/osr/typeahead-react-spring-boot/typeahead-rest-api/target/test-classes:/Users/crao/Documents/Work/Codebase/osr/typeahead-react-spring-boot/typeahead-rest-api/target/classes:/Users/crao/.m2/repository/org/elasticsearch/client/elasticsearch-rest-high-level-client/7.9.2/elasticsearch-rest-high-level-client-7.9.2.jar:/Users/crao/.m2/repository/org/elasticsearch/client/elasticsearch-rest-client/7.9.2/elasticsearch-rest-client-7.9.2.jar:/Users/crao/.m2/repository/org/apache/httpcomponents/httpclient/4.5.12/httpclient-4.5.12.jar:/Users/crao/.m2/repository/org/apache/httpcomponents/httpcore/4.4.13/httpcore-4.4.13.jar:/Users/crao/.m2/repository/org/apache/httpcomponents/httpasyncclient/4.1.4/httpasyncclient-4.1.4.jar:/Users/crao/.m2/repository/org/apache/httpcomponents/httpcore-nio/4.4.13/httpcore-nio-4.4.13.jar:/Users/crao/.m2/repository/commons-codec/commons-codec/1.14/commons-codec-1.14.jar:/Users/crao/.m2/repository/org/elasticsearch/plugin/mapper-extras-client/7.9.2/mapper-extras-client-7.9.2.jar:/Users/crao/.m2/repository/org/elasticsearch/plugin/parent-join-client/7.9.2/parent-join-client-7.9.2.jar:/Users/crao/.m2/repository/org/elasticsearch/plugin/aggs-matrix-stats-client/7.9.2/aggs-matrix-stats-client-7.9.2.jar:/Users/crao/.m2/repository/org/elasticsearch/plugin/rank-eval-client/7.9.2/rank-eval-client-7.9.2.jar:/Users/crao/.m2/repository/org/elasticsearch/plugin/lang-mustache-client/7.9.2/lang-mustache-client-7.9.2.jar:/Users/crao/.m2/repository/com/github/spullara/mustache/java/compiler/0.9.6/compiler-0.9.6.jar:/Users/crao/.m2/repository/org/elasticsearch/elasticsearch/7.9.2/elasticsearch-7.9.2.jar:/Users/crao/.m2/repository/org/elasticsearch/elasticsearch-core/7.9.2/elasticsearch-core-7.9.2.jar:/Users/crao/.m2/repository/org/elasticsearch/elasticsearch-secure-sm/7.9.2/elasticsearch-secure-sm-7.9.2.jar:/Users/crao/.m2/repository/org/elasticsearch/elasticsearch-x-content/7.9.2/elasticsearch-x-content-7.9.2.jar:/Users/crao/.m2/repository/org/yaml/snakeyaml/1.26/snakeyaml-1.26.jar:/Users/crao/.m2/repository/com/fasterxml/jackson/core/jackson-core/2.11.2/jackson-core-2.11.2.jar:/Users/crao/.m2/repository/com/fasterxml/jackson/dataformat/jackson-dataformat-smile/2.11.2/jackson-dataformat-smile-2.11.2.jar:/Users/crao/.m2/repository/com/fasterxml/jackson/dataformat/jackson-dataformat-yaml/2.11.2/jackson-dataformat-yaml-2.11.2.jar:/Users/crao/.m2/repository/com/fasterxml/jackson/dataformat/jackson-dataformat-cbor/2.11.2/jackson-dataformat-cbor-2.11.2.jar:/Users/crao/.m2/repository/org/elasticsearch/elasticsearch-geo/7.9.2/elasticsearch-geo-7.9.2.jar:/Users/crao/.m2/repository/org/apache/lucene/lucene-core/8.6.2/lucene-core-8.6.2.jar:/Users/crao/.m2/repository/org/apache/lucene/lucene-analyzers-common/8.6.2/lucene-analyzers-common-8.6.2.jar:/Users/crao/.m2/repository/org/apache/lucene/lucene-backward-codecs/8.6.2/lucene-backward-codecs-8.6.2.jar:/Users/crao/.m2/repository/org/apache/lucene/lucene-grouping/8.6.2/lucene-grouping-8.6.2.jar:/Users/crao/.m2/repository/org/apache/lucene/lucene-highlighter/8.6.2/lucene-highlighter-8.6.2.jar:/Users/crao/.m2/repository/org/apache/lucene/lucene-join/8.6.2/lucene-join-8.6.2.jar:/Users/crao/.m2/repository/org/apache/lucene/lucene-memory/8.6.2/lucene-memory-8.6.2.jar:/Users/crao/.m2/repository/org/apache/lucene/lucene-misc/8.6.2/lucene-misc-8.6.2.jar:/Users/crao/.m2/repository/org/apache/lucene/lucene-queries/8.6.2/lucene-queries-8.6.2.jar:/Users/crao/.m2/repository/org/apache/lucene/lucene-queryparser/8.6.2/lucene-queryparser-8.6.2.jar:/Users/crao/.m2/repository/org/apache/lucene/lucene-sandbox/8.6.2/lucene-sandbox-8.6.2.jar:/Users/crao/.m2/repository/org/apache/lucene/lucene-spatial-extras/8.6.2/lucene-spatial-extras-8.6.2.jar:/Users/crao/.m2/repository/org/apache/lucene/lucene-spatial3d/8.6.2/lucene-spatial3d-8.6.2.jar:/Users/crao/.m2/repository/org/apache/lucene/lucene-suggest/8.6.2/lucene-suggest-8.6.2.jar:/Users/crao/.m2/repository/org/elasticsearch/elasticsearch-cli/7.9.2/elasticsearch-cli-7.9.2.jar:/Users/crao/.m2/repository/net/sf/jopt-simple/jopt-simple/5.0.2/jopt-simple-5.0.2.jar:/Users/crao/.m2/repository/com/carrotsearch/hppc/0.8.1/hppc-0.8.1.jar:/Users/crao/.m2/repository/joda-time/joda-time/2.10.4/joda-time-2.10.4.jar:/Users/crao/.m2/repository/com/tdunning/t-digest/3.2/t-digest-3.2.jar:/Users/crao/.m2/repository/org/hdrhistogram/HdrHistogram/2.1.9/HdrHistogram-2.1.9.jar:/Users/crao/.m2/repository/org/apache/logging/log4j/log4j-api/2.13.3/log4j-api-2.13.3.jar:/Users/crao/.m2/repository/org/elasticsearch/jna/5.5.0/jna-5.5.0.jar:/Users/crao/.m2/repository/org/elasticsearch/client/transport/7.9.2/transport-7.9.2.jar:/Users/crao/.m2/repository/org/elasticsearch/plugin/transport-netty4-client/7.9.2/transport-netty4-client-7.9.2.jar:/Users/crao/.m2/repository/io/netty/netty-buffer/4.1.52.Final/netty-buffer-4.1.52.Final.jar:/Users/crao/.m2/repository/io/netty/netty-codec/4.1.52.Final/netty-codec-4.1.52.Final.jar:/Users/crao/.m2/repository/io/netty/netty-codec-http/4.1.52.Final/netty-codec-http-4.1.52.Final.jar:/Users/crao/.m2/repository/io/netty/netty-common/4.1.52.Final/netty-common-4.1.52.Final.jar:/Users/crao/.m2/repository/io/netty/netty-handler/4.1.52.Final/netty-handler-4.1.52.Final.jar:/Users/crao/.m2/repository/io/netty/netty-resolver/4.1.52.Final/netty-resolver-4.1.52.Final.jar:/Users/crao/.m2/repository/io/netty/netty-transport/4.1.52.Final/netty-transport-4.1.52.Final.jar:/Users/crao/.m2/repository/org/elasticsearch/plugin/reindex-client/7.9.2/reindex-client-7.9.2.jar:/Users/crao/.m2/repository/org/elasticsearch/elasticsearch-ssl-config/7.9.2/elasticsearch-ssl-config-7.9.2.jar:/Users/crao/.m2/repository/org/elasticsearch/plugin/percolator-client/7.9.2/percolator-client-7.9.2.jar:/Users/crao/.m2/repository/org/elasticsearch/client/x-pack-transport/7.9.2/x-pack-transport-7.9.2.jar:/Users/crao/.m2/repository/org/elasticsearch/plugin/x-pack-core/7.9.2/x-pack-core-7.9.2.jar:/Users/crao/.m2/repository/commons-logging/commons-logging/1.1.3/commons-logging-1.1.3.jar:/Users/crao/.m2/repository/org/apache/logging/log4j/log4j-1.2-api/2.13.3/log4j-1.2-api-2.13.3.jar:/Users/crao/.m2/repository/com/unboundid/unboundid-ldapsdk/4.0.14/unboundid-ldapsdk-4.0.14.jar:/Users/crao/.m2/repository/org/elasticsearch/plugin/transport-nio-client/7.9.2/transport-nio-client-7.9.2.jar:/Users/crao/.m2/repository/org/elasticsearch/elasticsearch-nio/7.9.2/elasticsearch-nio-7.9.2.jar:/Users/crao/.m2/repository/org/hamcrest/hamcrest-core/2.2/hamcrest-core-2.2.jar:/Users/crao/.m2/repository/org/hamcrest/hamcrest/2.2/hamcrest-2.2.jar:/Users/crao/.m2/repository/org/hibernate/validator/hibernate-validator/6.0.10.Final/hibernate-validator-6.0.10.Final.jar:/Users/crao/.m2/repository/javax/validation/validation-api/2.0.1.Final/validation-api-2.0.1.Final.jar:/Users/crao/.m2/repository/org/jboss/logging/jboss-logging/3.4.1.Final/jboss-logging-3.4.1.Final.jar:/Users/crao/.m2/repository/com/fasterxml/classmate/1.5.1/classmate-1.5.1.jar:/Users/crao/.m2/repository/org/springframework/boot/spring-boot-starter-web/2.3.4.RELEASE/spring-boot-starter-web-2.3.4.RELEASE.jar:/Users/crao/.m2/repository/org/springframework/boot/spring-boot-starter/2.3.4.RELEASE/spring-boot-starter-2.3.4.RELEASE.jar:/Users/crao/.m2/repository/org/springframework/boot/spring-boot-starter-logging/2.3.4.RELEASE/spring-boot-starter-logging-2.3.4.RELEASE.jar:/Users/crao/.m2/repository/ch/qos/logback/logback-classic/1.2.3/logback-classic-1.2.3.jar:/Users/crao/.m2/repository/ch/qos/logback/logback-core/1.2.3/logback-core-1.2.3.jar:/Users/crao/.m2/repository/org/apache/logging/log4j/log4j-to-slf4j/2.13.3/log4j-to-slf4j-2.13.3.jar:/Users/crao/.m2/repository/org/slf4j/jul-to-slf4j/1.7.30/jul-to-slf4j-1.7.30.jar:/Users/crao/.m2/repository/jakarta/annotation/jakarta.annotation-api/1.3.5/jakarta.annotation-api-1.3.5.jar:/Users/crao/.m2/repository/org/springframework/boot/spring-boot-starter-json/2.3.4.RELEASE/spring-boot-starter-json-2.3.4.RELEASE.jar:/Users/crao/.m2/repository/com/fasterxml/jackson/core/jackson-databind/2.11.2/jackson-databind-2.11.2.jar:/Users/crao/.m2/repository/com/fasterxml/jackson/core/jackson-annotations/2.11.2/jackson-annotations-2.11.2.jar:/Users/crao/.m2/repository/com/fasterxml/jackson/datatype/jackson-datatype-jdk8/2.11.2/jackson-datatype-jdk8-2.11.2.jar:/Users/crao/.m2/repository/com/fasterxml/jackson/datatype/jackson-datatype-jsr310/2.11.2/jackson-datatype-jsr310-2.11.2.jar:/Users/crao/.m2/repository/com/fasterxml/jackson/module/jackson-module-parameter-names/2.11.2/jackson-module-parameter-names-2.11.2.jar:/Users/crao/.m2/repository/org/springframework/boot/spring-boot-starter-tomcat/2.3.4.RELEASE/spring-boot-starter-tomcat-2.3.4.RELEASE.jar:/Users/crao/.m2/repository/org/apache/tomcat/embed/tomcat-embed-core/9.0.38/tomcat-embed-core-9.0.38.jar:/Users/crao/.m2/repository/org/glassfish/jakarta.el/3.0.3/jakarta.el-3.0.3.jar:/Users/crao/.m2/repository/org/apache/tomcat/embed/tomcat-embed-websocket/9.0.38/tomcat-embed-websocket-9.0.38.jar:/Users/crao/.m2/repository/org/springframework/spring-web/5.2.9.RELEASE/spring-web-5.2.9.RELEASE.jar:/Users/crao/.m2/repository/org/springframework/spring-beans/5.2.9.RELEASE/spring-beans-5.2.9.RELEASE.jar:/Users/crao/.m2/repository/org/springframework/spring-webmvc/5.2.9.RELEASE/spring-webmvc-5.2.9.RELEASE.jar:/Users/crao/.m2/repository/org/springframework/spring-aop/5.2.9.RELEASE/spring-aop-5.2.9.RELEASE.jar:/Users/crao/.m2/repository/org/springframework/spring-context/5.2.9.RELEASE/spring-context-5.2.9.RELEASE.jar:/Users/crao/.m2/repository/org/springframework/spring-expression/5.2.9.RELEASE/spring-expression-5.2.9.RELEASE.jar:/Users/crao/.m2/repository/org/springframework/boot/spring-boot-starter-data-jpa/2.3.4.RELEASE/spring-boot-starter-data-jpa-2.3.4.RELEASE.jar:/Users/crao/.m2/repository/org/springframework/boot/spring-boot-starter-aop/2.3.4.RELEASE/spring-boot-starter-aop-2.3.4.RELEASE.jar:/Users/crao/.m2/repository/org/aspectj/aspectjweaver/1.9.6/aspectjweaver-1.9.6.jar:/Users/crao/.m2/repository/org/springframework/boot/spring-boot-starter-jdbc/2.3.4.RELEASE/spring-boot-starter-jdbc-2.3.4.RELEASE.jar:/Users/crao/.m2/repository/com/zaxxer/HikariCP/3.4.5/HikariCP-3.4.5.jar:/Users/crao/.m2/repository/org/springframework/spring-jdbc/5.2.9.RELEASE/spring-jdbc-5.2.9.RELEASE.jar:/Users/crao/.m2/repository/jakarta/transaction/jakarta.transaction-api/1.3.3/jakarta.transaction-api-1.3.3.jar:/Users/crao/.m2/repository/jakarta/persistence/jakarta.persistence-api/2.2.3/jakarta.persistence-api-2.2.3.jar:/Users/crao/.m2/repository/org/hibernate/hibernate-core/5.4.21.Final/hibernate-core-5.4.21.Final.jar:/Users/crao/.m2/repository/org/javassist/javassist/3.24.0-GA/javassist-3.24.0-GA.jar:/Users/crao/.m2/repository/antlr/antlr/2.7.7/antlr-2.7.7.jar:/Users/crao/.m2/repository/org/jboss/jandex/2.1.3.Final/jandex-2.1.3.Final.jar:/Users/crao/.m2/repository/org/dom4j/dom4j/2.1.3/dom4j-2.1.3.jar:/Users/crao/.m2/repository/org/hibernate/common/hibernate-commons-annotations/5.1.0.Final/hibernate-commons-annotations-5.1.0.Final.jar:/Users/crao/.m2/repository/org/glassfish/jaxb/jaxb-runtime/2.3.3/jaxb-runtime-2.3.3.jar:/Users/crao/.m2/repository/org/glassfish/jaxb/txw2/2.3.3/txw2-2.3.3.jar:/Users/crao/.m2/repository/com/sun/istack/istack-commons-runtime/3.0.11/istack-commons-runtime-3.0.11.jar:/Users/crao/.m2/repository/com/sun/activation/jakarta.activation/1.2.2/jakarta.activation-1.2.2.jar:/Users/crao/.m2/repository/org/springframework/data/spring-data-jpa/2.3.4.RELEASE/spring-data-jpa-2.3.4.RELEASE.jar:/Users/crao/.m2/repository/org/springframework/data/spring-data-commons/2.3.4.RELEASE/spring-data-commons-2.3.4.RELEASE.jar:/Users/crao/.m2/repository/org/springframework/spring-orm/5.2.9.RELEASE/spring-orm-5.2.9.RELEASE.jar:/Users/crao/.m2/repository/org/springframework/spring-tx/5.2.9.RELEASE/spring-tx-5.2.9.RELEASE.jar:/Users/crao/.m2/repository/org/slf4j/slf4j-api/1.7.30/slf4j-api-1.7.30.jar:/Users/crao/.m2/repository/org/springframework/spring-aspects/5.2.9.RELEASE/spring-aspects-5.2.9.RELEASE.jar:/Users/crao/.m2/repository/com/h2database/h2/1.4.200/h2-1.4.200.jar:/Users/crao/.m2/repository/org/springframework/boot/spring-boot-devtools/2.3.4.RELEASE/spring-boot-devtools-2.3.4.RELEASE.jar:/Users/crao/.m2/repository/org/springframework/boot/spring-boot/2.3.4.RELEASE/spring-boot-2.3.4.RELEASE.jar:/Users/crao/.m2/repository/org/springframework/boot/spring-boot-autoconfigure/2.3.4.RELEASE/spring-boot-autoconfigure-2.3.4.RELEASE.jar:/Users/crao/.m2/repository/org/projectlombok/lombok/1.18.12/lombok-1.18.12.jar:/Users/crao/.m2/repository/org/springframework/boot/spring-boot-starter-test/2.3.4.RELEASE/spring-boot-starter-test-2.3.4.RELEASE.jar:/Users/crao/.m2/repository/org/springframework/boot/spring-boot-test/2.3.4.RELEASE/spring-boot-test-2.3.4.RELEASE.jar:/Users/crao/.m2/repository/org/springframework/boot/spring-boot-test-autoconfigure/2.3.4.RELEASE/spring-boot-test-autoconfigure-2.3.4.RELEASE.jar:/Users/crao/.m2/repository/com/jayway/jsonpath/json-path/2.4.0/json-path-2.4.0.jar:/Users/crao/.m2/repository/net/minidev/json-smart/2.3/json-smart-2.3.jar:/Users/crao/.m2/repository/net/minidev/accessors-smart/1.2/accessors-smart-1.2.jar:/Users/crao/.m2/repository/org/ow2/asm/asm/5.0.4/asm-5.0.4.jar:/Users/crao/.m2/repository/jakarta/xml/bind/jakarta.xml.bind-api/2.3.3/jakarta.xml.bind-api-2.3.3.jar:/Users/crao/.m2/repository/jakarta/activation/jakarta.activation-api/1.2.2/jakarta.activation-api-1.2.2.jar:/Users/crao/.m2/repository/org/assertj/assertj-core/3.16.1/assertj-core-3.16.1.jar:/Users/crao/.m2/repository/org/junit/jupiter/junit-jupiter/5.6.2/junit-jupiter-5.6.2.jar:/Users/crao/.m2/repository/org/junit/jupiter/junit-jupiter-api/5.6.2/junit-jupiter-api-5.6.2.jar:/Users/crao/.m2/repository/org/apiguardian/apiguardian-api/1.1.0/apiguardian-api-1.1.0.jar:/Users/crao/.m2/repository/org/opentest4j/opentest4j/1.2.0/opentest4j-1.2.0.jar:/Users/crao/.m2/repository/org/junit/platform/junit-platform-commons/1.6.2/junit-platform-commons-1.6.2.jar:/Users/crao/.m2/repository/org/junit/jupiter/junit-jupiter-params/5.6.2/junit-jupiter-params-5.6.2.jar:/Users/crao/.m2/repository/org/junit/jupiter/junit-jupiter-engine/5.6.2/junit-jupiter-engine-5.6.2.jar:/Users/crao/.m2/repository/org/junit/platform/junit-platform-engine/1.6.2/junit-platform-engine-1.6.2.jar:/Users/crao/.m2/repository/org/mockito/mockito-junit-jupiter/3.3.3/mockito-junit-jupiter-3.3.3.jar:/Users/crao/.m2/repository/org/skyscreamer/jsonassert/1.5.0/jsonassert-1.5.0.jar:/Users/crao/.m2/repository/com/vaadin/external/google/android-json/0.0.20131108.vaadin1/android-json-0.0.20131108.vaadin1.jar:/Users/crao/.m2/repository/org/springframework/spring-core/5.2.9.RELEASE/spring-core-5.2.9.RELEASE.jar:/Users/crao/.m2/repository/org/springframework/spring-jcl/5.2.9.RELEASE/spring-jcl-5.2.9.RELEASE.jar:/Users/crao/.m2/repository/org/springframework/spring-test/5.2.9.RELEASE/spring-test-5.2.9.RELEASE.jar:/Users/crao/.m2/repository/org/xmlunit/xmlunit-core/2.7.0/xmlunit-core-2.7.0.jar:/Users/crao/.m2/repository/org/mockito/mockito-core/3.5.6/mockito-core-3.5.6.jar:/Users/crao/.m2/repository/net/bytebuddy/byte-buddy/1.10.14/byte-buddy-1.10.14.jar:/Users/crao/.m2/repository/net/bytebuddy/byte-buddy-agent/1.10.14/byte-buddy-agent-1.10.14.jar:/Users/crao/.m2/repository/org/objenesis/objenesis/3.1/objenesis-3.1.jar:/Users/crao/.m2/repository/org/mockito/mockito-inline/3.5.6/mockito-inline-3.5.6.jar:/Users/crao/.m2/repository/com/opencsv/opencsv/5.2/opencsv-5.2.jar:/Users/crao/.m2/repository/org/apache/commons/commons-lang3/3.10/commons-lang3-3.10.jar:/Users/crao/.m2/repository/org/apache/commons/commons-text/1.8/commons-text-1.8.jar:/Users/crao/.m2/repository/commons-beanutils/commons-beanutils/1.9.4/commons-beanutils-1.9.4.jar:/Users/crao/.m2/repository/commons-collections/commons-collections/3.2.2/commons-collections-3.2.2.jar:/Users/crao/.m2/repository/org/apache/commons/commons-collections4/4.4/commons-collections4-4.4.jar:"/>
    <property name="sun.cpu.endian" value="little"/>
    <property name="user.home" value="/Users/crao"/>
    <property name="user.language" value="en"/>
    <property name="java.specification.vendor" value="Oracle Corporation"/>
    <property name="java.home" value="/Library/Java/JavaVirtualMachines/jdk1.8.0_201.jdk/Contents/Home/jre"/>
    <property name="basedir" value="/Users/crao/Documents/Work/Codebase/osr/typeahead-react-spring-boot/typeahead-rest-api"/>
    <property name="file.separator" value="/"/>
    <property name="line.separator" value="&#10;"/>
    <property name="java.vm.specification.vendor" value="Oracle Corporation"/>
    <property name="java.specification.name" value="Java Platform API Specification"/>
    <property name="java.awt.graphicsenv" value="sun.awt.CGraphicsEnvironment"/>
    <property name="surefire.real.class.path" value="/Users/crao/Documents/Work/Codebase/osr/typeahead-react-spring-boot/typeahead-rest-api/target/surefire/surefirebooter532109668128659329.jar"/>
    <property name="sun.boot.class.path" value="/Library/Java/JavaVirtualMachines/jdk1.8.0_201.jdk/Contents/Home/jre/lib/resources.jar:/Library/Java/JavaVirtualMachines/jdk1.8.0_201.jdk/Contents/Home/jre/lib/rt.jar:/Library/Java/JavaVirtualMachines/jdk1.8.0_201.jdk/Contents/Home/jre/lib/sunrsasign.jar:/Library/Java/JavaVirtualMachines/jdk1.8.0_201.jdk/Contents/Home/jre/lib/jsse.jar:/Library/Java/JavaVirtualMachines/jdk1.8.0_201.jdk/Contents/Home/jre/lib/jce.jar:/Library/Java/JavaVirtualMachines/jdk1.8.0_201.jdk/Contents/Home/jre/lib/charsets.jar:/Library/Java/JavaVirtualMachines/jdk1.8.0_201.jdk/Contents/Home/jre/lib/jfr.jar:/Library/Java/JavaVirtualMachines/jdk1.8.0_201.jdk/Contents/Home/jre/classes"/>
    <property name="sun.management.compiler" value="HotSpot 64-Bit Tiered Compilers"/>
    <property name="java.runtime.version" value="1.8.0_201-b09"/>
    <property name="user.name" value="crao"/>
    <property name="path.separator" value=":"/>
    <property name="os.version" value="10.14.5"/>
    <property name="java.endorsed.dirs" value="/Library/Java/JavaVirtualMachines/jdk1.8.0_201.jdk/Contents/Home/jre/lib/endorsed"/>
    <property name="java.runtime.name" value="Java(TM) SE Runtime Environment"/>
    <property name="file.encoding" value="US-ASCII"/>
    <property name="java.vm.name" value="Java HotSpot(TM) 64-Bit Server VM"/>
    <property name="localRepository" value="/Users/crao/.m2/repository"/>
    <property name="java.vendor.url.bug" value="http://bugreport.sun.com/bugreport/"/>
    <property name="java.io.tmpdir" value="/var/folders/58/tg9lfmbx0dq2t0z33xf0g944n39x6d/T/"/>
    <property name="idea.version" value="2020.2.3"/>
    <property name="java.version" value="1.8.0_201"/>
    <property name="user.dir" value="/Users/crao/Documents/Work/Codebase/osr/typeahead-react-spring-boot/typeahead-rest-api"/>
    <property name="os.arch" value="x86_64"/>
    <property name="java.vm.specification.name" value="Java Virtual Machine Specification"/>
    <property name="java.awt.printerjob" value="sun.lwawt.macosx.CPrinterJob"/>
    <property name="sun.os.patch.level" value="unknown"/>
    <property name="java.library.path" value="/Users/crao/Library/Java/Extensions:/Library/Java/Extensions:/Network/Library/Java/Extensions:/System/Library/Java/Extensions:/usr/lib/java:."/>
    <property name="java.vm.info" value="mixed mode"/>
    <property name="java.vendor" value="Oracle Corporation"/>
    <property name="java.vm.version" value="25.201-b09"/>
    <property name="java.ext.dirs" value="/Users/crao/Library/Java/Extensions:/Library/Java/JavaVirtualMachines/jdk1.8.0_201.jdk/Contents/Home/jre/lib/ext:/Library/Java/Extensions:/Network/Library/Java/Extensions:/System/Library/Java/Extensions:/usr/lib/java"/>
    <property name="sun.io.unicode.encoding" value="UnicodeBig"/>
    <property name="java.class.version" value="52.0"/>
  </properties>
  <testcase name="test_when_suggestion_count_param_is_negative_bad_req_err_response_with_apt_msg_is_returned" classname="com.auto.complete.typeahead.TypeaheadIntegrationTest$NegativeTests" time="1.363"/>
  <testcase name="test_when_an_empty_req_body_is_sent_in_post_new_suggestion_req_415_errcode_should_be_returned" classname="com.auto.complete.typeahead.TypeaheadIntegrationTest$NegativeTests" time="0.029"/>
  <testcase name="test_when_prefix_param_is_not_specified_bad_req_err_response_with_apt_msg_is_returned" classname="com.auto.complete.typeahead.TypeaheadIntegrationTest$NegativeTests" time="0.042"/>
  <testcase name="test_when_suggestion_word_is_not_specified_in_req_body_bad_req_err_response_with_apt_msg_is_returned" classname="com.auto.complete.typeahead.TypeaheadIntegrationTest$NegativeTests" time="0.304"/>
  <testcase name="test_when_suggestion_count_param_is_specified_return_only_those_num_of_suggestions" classname="com.auto.complete.typeahead.TypeaheadIntegrationTest$PositiveTests" time="1.418"/>
  <testcase name="test_when_suggestion_count_param_is_not_specified_return_def_configured_num_of_suggestions" classname="com.auto.complete.typeahead.TypeaheadIntegrationTest$PositiveTests" time="0.046">
    <failure message="No value at JSON path &quot;$[0]&quot;" type="java.lang.AssertionError">java.lang.AssertionError: No value at JSON path "$[0]"
	at com.auto.complete.typeahead.TypeaheadIntegrationTest$PositiveTests.test_when_suggestion_count_param_is_not_specified_return_def_configured_num_of_suggestions(TypeaheadIntegrationTest.java:38)
Caused by: com.jayway.jsonpath.PathNotFoundException: No results for path: $[0]
	at com.auto.complete.typeahead.TypeaheadIntegrationTest$PositiveTests.test_when_suggestion_count_param_is_not_specified_return_def_configured_num_of_suggestions(TypeaheadIntegrationTest.java:38)
</failure>
    <system-out><![CDATA[&amp#27;[2m2020-10-14 00:47:06.281&amp#27;[0;39m &amp#27;[32mDEBUG&amp#27;[0;39m &amp#27;[35m76635&amp#27;[0;39m &amp#27;[2m---&amp#27;[0;39m &amp#27;[2m[           main]&amp#27;[0;39m &amp#27;[36ms.w.s.m.m.a.RequestMappingHandlerMapping&amp#27;[0;39m &amp#27;[2m:&amp#27;[0;39m Mapped to com.auto.complete.typeahead.controller.TypeaheadController#getTypeaheadSuggestions(String, int)
&amp#27;[2m2020-10-14 00:47:06.299&amp#27;[0;39m &amp#27;[32mDEBUG&amp#27;[0;39m &amp#27;[35m76635&amp#27;[0;39m &amp#27;[2m---&amp#27;[0;39m &amp#27;[2m[           main]&amp#27;[0;39m &amp#27;[36mm.m.a.RequestResponseBodyMethodProcessor&amp#27;[0;39m &amp#27;[2m:&amp#27;[0;39m Using 'application/json', given [*/*] and supported [application/json, application/*+json, application/json, application/*+json, application/x-jackson-smile, application/cbor]
&amp#27;[2m2020-10-14 00:47:06.299&amp#27;[0;39m &amp#27;[32mDEBUG&amp#27;[0;39m &amp#27;[35m76635&amp#27;[0;39m &amp#27;[2m---&amp#27;[0;39m &amp#27;[2m[           main]&amp#27;[0;39m &amp#27;[36mm.m.a.RequestResponseBodyMethodProcessor&amp#27;[0;39m &amp#27;[2m:&amp#27;[0;39m Writing [[]]
]]></system-out>
  </testcase>
  <testcase name="test_when_a_new_suggestion_is_posted_it_should_be_inserted_into_trie_database" classname="com.auto.complete.typeahead.TypeaheadIntegrationTest$PositiveTests" time="0.573"/>
  <testcase name="test_when_a_new_suggestion_is_inserted_into_trie_database_it_should_be_available_for_subsequent_typeahead" classname="com.auto.complete.typeahead.TypeaheadIntegrationTest$PositiveTests" time="0.117">
    <failure message="JSON path &quot;$&quot;&#10;Expected: a collection with size &lt;1&gt;&#10;     but: collection size was &lt;0&gt;" type="java.lang.AssertionError"><![CDATA[java.lang.AssertionError: 
JSON path "$"
Expected: a collection with size <1>
     but: collection size was <0>
	at com.auto.complete.typeahead.TypeaheadIntegrationTest$PositiveTests.test_when_a_new_suggestion_is_inserted_into_trie_database_it_should_be_available_for_subsequent_typeahead(TypeaheadIntegrationTest.java:87)
]]></failure>
    <system-out><![CDATA[&amp#27;[2m2020-10-14 00:47:06.904&amp#27;[0;39m &amp#27;[32mDEBUG&amp#27;[0;39m &amp#27;[35m76635&amp#27;[0;39m &amp#27;[2m---&amp#27;[0;39m &amp#27;[2m[           main]&amp#27;[0;39m &amp#27;[36ms.w.s.m.m.a.RequestMappingHandlerMapping&amp#27;[0;39m &amp#27;[2m:&amp#27;[0;39m Mapped to com.auto.complete.typeahead.controller.TypeaheadController#upsertTypeaheadSuggestion(Suggestion)
&amp#27;[2m2020-10-14 00:47:06.905&amp#27;[0;39m &amp#27;[32mDEBUG&amp#27;[0;39m &amp#27;[35m76635&amp#27;[0;39m &amp#27;[2m---&amp#27;[0;39m &amp#27;[2m[           main]&amp#27;[0;39m &amp#27;[36mm.m.a.RequestResponseBodyMethodProcessor&amp#27;[0;39m &amp#27;[2m:&amp#27;[0;39m Read "application/json;charset=UTF-8" to [Suggestion(word=a_very_rare_word)]
&amp#27;[2m2020-10-14 00:47:06.993&amp#27;[0;39m &amp#27;[32mDEBUG&amp#27;[0;39m &amp#27;[35m76635&amp#27;[0;39m &amp#27;[2m---&amp#27;[0;39m &amp#27;[2m[           main]&amp#27;[0;39m &amp#27;[36ms.w.s.m.m.a.RequestMappingHandlerMapping&amp#27;[0;39m &amp#27;[2m:&amp#27;[0;39m Mapped to com.auto.complete.typeahead.controller.TypeaheadController#getTypeaheadSuggestions(String, int)
&amp#27;[2m2020-10-14 00:47:07.005&amp#27;[0;39m &amp#27;[32mDEBUG&amp#27;[0;39m &amp#27;[35m76635&amp#27;[0;39m &amp#27;[2m---&amp#27;[0;39m &amp#27;[2m[           main]&amp#27;[0;39m &amp#27;[36mm.m.a.RequestResponseBodyMethodProcessor&amp#27;[0;39m &amp#27;[2m:&amp#27;[0;39m Using 'application/json', given [*/*] and supported [application/json, application/*+json, application/json, application/*+json, application/x-jackson-smile, application/cbor]
&amp#27;[2m2020-10-14 00:47:07.006&amp#27;[0;39m &amp#27;[32mDEBUG&amp#27;[0;39m &amp#27;[35m76635&amp#27;[0;39m &amp#27;[2m---&amp#27;[0;39m &amp#27;[2m[           main]&amp#27;[0;39m &amp#27;[36mm.m.a.RequestResponseBodyMethodProcessor&amp#27;[0;39m &amp#27;[2m:&amp#27;[0;39m Writing [[]]
]]></system-out>
    <system-err><![CDATA[Phrase does not exists, so insert -a_very_rare_word
]]></system-err>
  </testcase>
  <testcase name="test_when_prefix_does_not_match_no_suggestions_are_returned" classname="com.auto.complete.typeahead.TypeaheadIntegrationTest$PositiveTests" time="0.04"/>
</testsuite>